<?xml version="1.0" encoding="UTF-8"?>
<testsuite name="hello.ActuatorApplicationTests" tests="1" skipped="0" failures="0" errors="0" timestamp="2024-07-11T07:58:34" hostname="yun-mbp.local" time="0.081">
  <properties/>
  <testcase name="contextLoads()" classname="hello.ActuatorApplicationTests" time="0.081"/>
  <system-out><![CDATA[16:58:33.321 [Test worker] DEBUG org.springframework.boot.test.context.SpringBootTestContextBootstrapper - Neither @ContextConfiguration nor @ContextHierarchy found for test class [ActuatorApplicationTests]: using SpringBootContextLoader
16:58:33.323 [Test worker] DEBUG org.springframework.test.context.support.AbstractContextLoader - Could not detect default resource locations for test class [hello.ActuatorApplicationTests]: no resource found for suffixes {-context.xml, Context.groovy}.
16:58:33.323 [Test worker] INFO org.springframework.test.context.support.AnnotationConfigContextLoaderUtils - Could not detect default configuration classes for test class [hello.ActuatorApplicationTests]: ActuatorApplicationTests does not declare any static, non-private, non-final, nested classes annotated with @Configuration.
16:58:33.330 [Test worker] DEBUG org.springframework.boot.test.context.SpringBootTestContextBootstrapper - Using ContextCustomizers for test class [ActuatorApplicationTests]: [DisableObservabilityContextCustomizer, PropertyMappingContextCustomizer, Customizer, ExcludeFilterContextCustomizer, DuplicateJsonObjectContextCustomizer, MockitoContextCustomizer, TestRestTemplateContextCustomizer]
16:58:33.351 [Test worker] DEBUG org.springframework.context.annotation.ClassPathScanningCandidateComponentProvider - Identified candidate component class: file [/Users/yun/Codes/falsystack/jvm/spring/actuator/build/classes/java/main/hello/ActuatorApplication.class]
16:58:33.351 [Test worker] INFO org.springframework.boot.test.context.SpringBootTestContextBootstrapper - Found @SpringBootConfiguration hello.ActuatorApplication for test class hello.ActuatorApplicationTests
16:58:33.377 [Test worker] DEBUG org.springframework.boot.test.context.SpringBootTestContextBootstrapper - Using TestExecutionListeners for test class [ActuatorApplicationTests]: [ServletTestExecutionListener, DirtiesContextBeforeModesTestExecutionListener, ApplicationEventsTestExecutionListener, MockitoTestExecutionListener, DependencyInjectionTestExecutionListener, DirtiesContextTestExecutionListener, TransactionalTestExecutionListener, SqlScriptsTestExecutionListener, EventPublishingTestExecutionListener, RestDocsTestExecutionListener, MockRestServiceServerResetTestExecutionListener, MockMvcPrintOnlyOnFailureTestExecutionListener, WebDriverTestExecutionListener, MockWebServiceServerTestExecutionListener, ResetMocksTestExecutionListener]
16:58:33.377 [Test worker] DEBUG org.springframework.test.context.support.AbstractDirtiesContextTestExecutionListener - Before test class: class [ActuatorApplicationTests], class annotated with @DirtiesContext [false] with mode [null]

  .   ____          _            __ _ _
 /\\ / ___'_ __ _ _(_)_ __  __ _ \ \ \ \
( ( )\___ | '_ | '_| | '_ \/ _` | \ \ \ \
 \\/  ___)| |_)| | | | | || (_| |  ) ) ) )
  '  |____| .__|_| |_|_| |_\__, | / / / /
 =========|_|==============|___/=/_/_/_/
 :: Spring Boot ::                (v3.0.2)

2024-07-11T16:58:33.479+09:00  INFO 93937 --- [    Test worker] hello.ActuatorApplicationTests           : Starting ActuatorApplicationTests using Java 17.0.10 with PID 93937 (started by yun in /Users/yun/Codes/falsystack/jvm/spring/actuator)
2024-07-11T16:58:33.479+09:00  INFO 93937 --- [    Test worker] hello.ActuatorApplicationTests           : No active profile set, falling back to 1 default profile: "default"
2024-07-11T16:58:33.748+09:00  INFO 93937 --- [    Test worker] .s.d.r.c.RepositoryConfigurationDelegate : Bootstrapping Spring Data JPA repositories in DEFAULT mode.
2024-07-11T16:58:33.755+09:00  INFO 93937 --- [    Test worker] .s.d.r.c.RepositoryConfigurationDelegate : Finished Spring Data repository scanning in 4 ms. Found 0 JPA repository interfaces.
2024-07-11T16:58:33.875+09:00  INFO 93937 --- [    Test worker] com.zaxxer.hikari.HikariDataSource       : HikariPool-1 - Starting...
2024-07-11T16:58:33.932+09:00  INFO 93937 --- [    Test worker] com.zaxxer.hikari.pool.HikariPool        : HikariPool-1 - Added connection conn0: url=jdbc:h2:mem:52e17506-907a-47e8-a53a-e4cfd1c8308a user=SA
2024-07-11T16:58:33.933+09:00  INFO 93937 --- [    Test worker] com.zaxxer.hikari.HikariDataSource       : HikariPool-1 - Start completed.
2024-07-11T16:58:33.948+09:00  INFO 93937 --- [    Test worker] o.hibernate.jpa.internal.util.LogHelper  : HHH000204: Processing PersistenceUnitInfo [name: default]
2024-07-11T16:58:33.964+09:00  INFO 93937 --- [    Test worker] org.hibernate.Version                    : HHH000412: Hibernate ORM core version 6.1.6.Final
2024-07-11T16:58:34.019+09:00  WARN 93937 --- [    Test worker] org.hibernate.orm.deprecation            : HHH90000021: Encountered deprecated setting [javax.persistence.sharedCache.mode], use [jakarta.persistence.sharedCache.mode] instead
2024-07-11T16:58:34.061+09:00  INFO 93937 --- [    Test worker] SQL dialect                              : HHH000400: Using dialect: org.hibernate.dialect.H2Dialect
2024-07-11T16:58:34.141+09:00  INFO 93937 --- [    Test worker] o.h.e.t.j.p.i.JtaPlatformInitiator       : HHH000490: Using JtaPlatform implementation: [org.hibernate.engine.transaction.jta.platform.internal.NoJtaPlatform]
2024-07-11T16:58:34.144+09:00  INFO 93937 --- [    Test worker] j.LocalContainerEntityManagerFactoryBean : Initialized JPA EntityManagerFactory for persistence unit 'default'
2024-07-11T16:58:34.196+09:00  WARN 93937 --- [    Test worker] JpaBaseConfiguration$JpaWebConfiguration : spring.jpa.open-in-view is enabled by default. Therefore, database queries may be performed during view rendering. Explicitly configure spring.jpa.open-in-view to disable this warning
2024-07-11T16:58:34.400+09:00  INFO 93937 --- [    Test worker] o.s.b.a.e.web.EndpointLinksResolver      : Exposing 14 endpoint(s) beneath base path '/actuator'
2024-07-11T16:58:34.431+09:00  INFO 93937 --- [    Test worker] hello.ActuatorApplicationTests           : Started ActuatorApplicationTests in 1.043 seconds (process running for 1.373)
]]></system-out>
  <system-err><![CDATA[]]></system-err>
</testsuite>
